<?xml version="1.0" encoding="UTF-8"?>
<robot generator="Robot 3.2.1 (Python 3.8.3 on win32)" generated="20200824 09:32:52.474" rpa="false">
<suite id="s1" name="Login" source="C:\roboWeek_Mobile\ninjachef\test\login.robot">
<test id="s1-t1" name="Acessar cardapio">
<kw name="Open Session" library="base" type="setup">
<kw name="Open Application" library="AppiumLibrary">
<doc>Opens a new application to given Appium server.
Capabilities of appium server, Android and iOS,
Please check https://github.com/appium/appium/blob/master/docs/en/writing-running-appium/server-args.md
| *Option*            | *Man.* | *Description*     |
| remote_url          | Yes    | Appium server url |
| alias               | no     | alias             |</doc>
<arguments>
<arg>http://localhost:4723/wd/hub</arg>
<arg>automationName=UiAutomator2</arg>
<arg>platformName=Android</arg>
<arg>platformVersion=9</arg>
<arg>deviceName=JoiceAbreu</arg>
<arg>app=${EXECDIR}/app/ninjachef.apk</arg>
<arg>udid=emulator-5554</arg>
<arg>adbExecTimeout=12000</arg>
</arguments>
<status status="PASS" starttime="20200824 09:32:52.702" endtime="20200824 09:33:45.972"></status>
</kw>
<status status="PASS" starttime="20200824 09:32:52.702" endtime="20200824 09:33:45.972"></status>
</kw>
<kw name="Dado que desejo comer &quot;massas&quot;" library="kws">
<kw name="Set Test Variable" library="BuiltIn">
<doc>Makes a variable available everywhere within the scope of the current test.</doc>
<arguments>
<arg>${prato}</arg>
</arguments>
<msg timestamp="20200824 09:33:45.973" level="INFO">${prato} = massas</msg>
<status status="PASS" starttime="20200824 09:33:45.973" endtime="20200824 09:33:45.973"></status>
</kw>
<status status="PASS" starttime="20200824 09:33:45.972" endtime="20200824 09:33:45.973"></status>
</kw>
<kw name="Quando submeto meu email &quot;joice123@gmail.com&quot;" library="kws">
<kw name="Wail Until Page Contains">
<arguments>
<arg>Buscar Prato</arg>
<arg>10</arg>
</arguments>
<msg timestamp="20200824 09:33:45.979" level="FAIL">No keyword with name 'Wail Until Page Contains' found. Did you mean:
    AppiumLibrary.Wait Until Page Contains</msg>
<status status="FAIL" starttime="20200824 09:33:45.979" endtime="20200824 09:33:45.979"></status>
</kw>
<status status="FAIL" starttime="20200824 09:33:45.974" endtime="20200824 09:33:45.979"></status>
</kw>
<kw name="Close Session" library="base" type="teardown">
<kw name="Capture Page Screenshot" library="AppiumLibrary">
<doc>Takes a screenshot of the current page and embeds it into the log.</doc>
<msg timestamp="20200824 09:33:47.290" level="INFO" html="yes">&lt;/td&gt;&lt;/tr&gt;&lt;tr&gt;&lt;td colspan="3"&gt;&lt;a href="appium-screenshot-1.png"&gt;&lt;img src="appium-screenshot-1.png" width="800px"&gt;&lt;/a&gt;</msg>
<status status="PASS" starttime="20200824 09:33:45.982" endtime="20200824 09:33:47.290"></status>
</kw>
<kw name="Close Application" library="AppiumLibrary">
<doc>Closes the current application and also close webdriver session.</doc>
<status status="PASS" starttime="20200824 09:33:47.290" endtime="20200824 09:33:54.369"></status>
</kw>
<status status="PASS" starttime="20200824 09:33:45.981" endtime="20200824 09:33:54.369"></status>
</kw>
<status status="FAIL" starttime="20200824 09:32:52.702" endtime="20200824 09:33:54.370" critical="yes">No keyword with name 'Wail Until Page Contains' found. Did you mean:
    AppiumLibrary.Wait Until Page Contains</status>
</test>
<doc>Aqui testes login mobile</doc>
<status status="FAIL" starttime="20200824 09:32:52.477" endtime="20200824 09:33:54.372"></status>
</suite>
<statistics>
<total>
<stat pass="0" fail="1">Critical Tests</stat>
<stat pass="0" fail="1">All Tests</stat>
</total>
<tag>
</tag>
<suite>
<stat pass="0" fail="1" id="s1" name="Login">Login</stat>
</suite>
</statistics>
<errors>
</errors>
</robot>
